[2296:944:0415/172926:INFO:AppRunner.cpp(619)] Begin run process geeplayer
[2296:944:0415/172926:INFO:AppRunner.cpp(623)] ProductName is GeePlayer1
[2296:944:0415/172926:INFO:AppRunner.cpp(662)] apppluginbase version is 4.3.4.79
[2296:944:0415/172926:INFO:UIlib.cpp(192)] quilib: version is 4.3.4.77
[2296:944:0415/172926:INFO:serviceManager.cpp(687)] mainprocessisrunning key is set as 1
[2296:944:0415/172926:INFO:serviceManager.cpp(800)] create local service plugin PluginServerStatePlugin
[2296:944:0415/172926:INFO:serviceManager.cpp(857)] plugin PluginServerStatePlugin DoPluginInit
[2296:944:0415/172926:INFO:serviceManager.cpp(1523)] repository parse over
[2296:944:0415/172930:INFO:AppRunner.cpp(715)] loop exit geeplayer call main plugin DestoryPluginEntry
[2296:944:0415/172930:INFO:IPlugin.cpp(117)] real plugin mainPlugin call DestroyPlugin
[2296:944:0415/172930:INFO:IPlugin.cpp(374)] destruct plugin mainPlugin
[2296:944:0415/172930:INFO:serviceManager.cpp(1608)] mainPlugin plugin had destroy by DestructPlugin
[2296:944:0415/172930:INFO:serviceManager.cpp(2532)] DestructManager begin
[2296:944:0415/172930:INFO:IPlugin.cpp(374)] destruct plugin PluginServerStatePlugin
[2296:944:0415/172930:INFO:IPlugin.cpp(286)] real plugin PluginServerStatePlugin call DestroyPlugin
[2296:944:0415/172930:INFO:serviceManager.cpp(1608)] PluginServerStatePlugin plugin had destroy by DestructPlugin
[2296:944:0415/172930:INFO:serviceManager.cpp(2408)] DeleteLeftPlugins begin
[2296:944:0415/172930:INFO:serviceManager.cpp(2470)] DeleteLeftPlugins end
[2296:944:0415/172930:INFO:serviceManager.cpp(687)] mainprocessisrunning key is set as 0
[2296:944:0415/172930:INFO:AppRunner.cpp(730)] close mutex of process geeplayer
[2296:944:0415/172930:INFO:AppRunner.cpp(738)] run process geeplayer end
